<?xml version="1.0" encoding="UTF-8"?>
<testsuite name="Validation of get method" tests="1" skipped="0" failures="0" errors="0" timestamp="2023-02-07T06:12:40" hostname="MININT-517SCTR" time="9.693">
  <properties/>
  <testcase name="Send a valid Request to get hello" classname="Validation of get method" time="9.693"/>
  <system-out><![CDATA[22:12:40.380 [Test worker] DEBUG org.springframework.test.context.BootstrapUtils - Instantiating CacheAwareContextLoaderDelegate from class [org.springframework.test.context.cache.DefaultCacheAwareContextLoaderDelegate]
22:12:40.410 [Test worker] DEBUG org.springframework.test.context.BootstrapUtils - Instantiating BootstrapContext using constructor [public org.springframework.test.context.support.DefaultBootstrapContext(java.lang.Class,org.springframework.test.context.CacheAwareContextLoaderDelegate)]
22:12:40.481 [Test worker] DEBUG org.springframework.test.context.BootstrapUtils - Instantiating TestContextBootstrapper for test class [com.roytuts.bdd.CucumberSpringContextConfiguration] from class [org.springframework.boot.test.context.SpringBootTestContextBootstrapper]
22:12:40.500 [Test worker] DEBUG org.springframework.boot.test.context.SpringBootTestContextBootstrapper - Found explicit ContextLoader class [org.springframework.boot.test.context.SpringBootContextLoader] for context configuration attributes [ContextConfigurationAttributes@a22cb6a declaringClass = 'com.roytuts.bdd.CucumberSpringContextConfiguration', classes = '{class com.roytuts.api.CucumberApp}', locations = '{}', inheritLocations = true, initializers = '{}', inheritInitializers = true, name = [null], contextLoaderClass = 'org.springframework.boot.test.context.SpringBootContextLoader']
22:12:40.513 [Test worker] DEBUG org.springframework.test.context.support.AbstractContextLoader - Did not detect default resource location for test class [com.roytuts.bdd.CucumberSpringContextConfiguration]: class path resource [com/roytuts/bdd/CucumberSpringContextConfiguration-context.xml] does not exist
22:12:40.514 [Test worker] DEBUG org.springframework.test.context.support.AbstractContextLoader - Did not detect default resource location for test class [com.roytuts.bdd.CucumberSpringContextConfiguration]: class path resource [com/roytuts/bdd/CucumberSpringContextConfigurationContext.groovy] does not exist
22:12:40.515 [Test worker] INFO org.springframework.test.context.support.AbstractContextLoader - Could not detect default resource locations for test class [com.roytuts.bdd.CucumberSpringContextConfiguration]: no resource found for suffixes {-context.xml, Context.groovy}.
22:12:40.600 [Test worker] DEBUG org.springframework.test.context.support.ActiveProfilesUtils - Could not find an 'annotation declaring class' for annotation type [org.springframework.test.context.ActiveProfiles] and class [com.roytuts.bdd.CucumberSpringContextConfiguration]
22:12:40.849 [Test worker] DEBUG org.springframework.boot.test.context.SpringBootTestContextBootstrapper - @TestExecutionListeners is not present for class [com.roytuts.bdd.CucumberSpringContextConfiguration]: using defaults.
22:12:40.850 [Test worker] INFO org.springframework.boot.test.context.SpringBootTestContextBootstrapper - Loaded default TestExecutionListener class names from location [META-INF/spring.factories]: [org.springframework.boot.test.autoconfigure.restdocs.RestDocsTestExecutionListener, org.springframework.boot.test.autoconfigure.web.client.MockRestServiceServerResetTestExecutionListener, org.springframework.boot.test.autoconfigure.web.servlet.MockMvcPrintOnlyOnFailureTestExecutionListener, org.springframework.boot.test.autoconfigure.web.servlet.WebDriverTestExecutionListener, org.springframework.boot.test.autoconfigure.webservices.client.MockWebServiceServerTestExecutionListener, org.springframework.boot.test.mock.mockito.MockitoTestExecutionListener, org.springframework.boot.test.mock.mockito.ResetMocksTestExecutionListener, org.springframework.test.context.web.ServletTestExecutionListener, org.springframework.test.context.support.DirtiesContextBeforeModesTestExecutionListener, org.springframework.test.context.event.ApplicationEventsTestExecutionListener, org.springframework.test.context.support.DependencyInjectionTestExecutionListener, org.springframework.test.context.support.DirtiesContextTestExecutionListener, org.springframework.test.context.transaction.TransactionalTestExecutionListener, org.springframework.test.context.jdbc.SqlScriptsTestExecutionListener, org.springframework.test.context.event.EventPublishingTestExecutionListener]
22:12:40.941 [Test worker] DEBUG org.springframework.boot.test.context.SpringBootTestContextBootstrapper - Skipping candidate TestExecutionListener [org.springframework.test.context.transaction.TransactionalTestExecutionListener] due to a missing dependency. Specify custom listener classes or make the default listener classes and their required dependencies available. Offending class: [org/springframework/transaction/interceptor/TransactionAttributeSource]
22:12:40.942 [Test worker] DEBUG org.springframework.boot.test.context.SpringBootTestContextBootstrapper - Skipping candidate TestExecutionListener [org.springframework.test.context.jdbc.SqlScriptsTestExecutionListener] due to a missing dependency. Specify custom listener classes or make the default listener classes and their required dependencies available. Offending class: [org/springframework/transaction/interceptor/TransactionAttribute]
22:12:40.943 [Test worker] INFO org.springframework.boot.test.context.SpringBootTestContextBootstrapper - Using TestExecutionListeners: [org.springframework.test.context.web.ServletTestExecutionListener@77602954, org.springframework.test.context.support.DirtiesContextBeforeModesTestExecutionListener@e260766, org.springframework.test.context.event.ApplicationEventsTestExecutionListener@2c3dec30, org.springframework.boot.test.mock.mockito.MockitoTestExecutionListener@34a97744, org.springframework.boot.test.autoconfigure.SpringBootDependencyInjectionTestExecutionListener@4275c20c, org.springframework.test.context.support.DirtiesContextTestExecutionListener@7c56e013, org.springframework.test.context.event.EventPublishingTestExecutionListener@3fc9dfc5, org.springframework.boot.test.autoconfigure.restdocs.RestDocsTestExecutionListener@40258c2f, org.springframework.boot.test.autoconfigure.web.client.MockRestServiceServerResetTestExecutionListener@2cac4385, org.springframework.boot.test.autoconfigure.web.servlet.MockMvcPrintOnlyOnFailureTestExecutionListener@6731787b, org.springframework.boot.test.autoconfigure.web.servlet.WebDriverTestExecutionListener@16f7b4af, org.springframework.boot.test.autoconfigure.webservices.client.MockWebServiceServerTestExecutionListener@7adf16aa, org.springframework.boot.test.mock.mockito.ResetMocksTestExecutionListener@34a1d21f]

  .   ____          _            __ _ _
 /\\ / ___'_ __ _ _(_)_ __  __ _ \ \ \ \
( ( )\___ | '_ | '_| | '_ \/ _` | \ \ \ \
 \\/  ___)| |_)| | | | | || (_| |  ) ) ) )
  '  |____| .__|_| |_|_| |_\__, | / / / /
 =========|_|==============|___/=/_/_/_/
 :: Spring Boot ::                (v2.7.4)

2023-02-06 22:12:41.455  INFO 25232 --- [    Test worker] c.r.b.CucumberSpringContextConfiguration : Starting CucumberSpringContextConfiguration using Java 1.8.0_211 on MININT-517SCTR with PID 25232 (started by saalagar in C:\Users\saalagar\Downloads\cucumber-master\cucumber-master\springboot-cucumber-gradle\lib)
2023-02-06 22:12:41.459  INFO 25232 --- [    Test worker] c.r.b.CucumberSpringContextConfiguration : No active profile set, falling back to 1 default profile: "default"
2023-02-06 22:12:43.839  INFO 25232 --- [    Test worker] o.s.b.w.embedded.tomcat.TomcatWebServer  : Tomcat initialized with port(s): 8080 (http)
2023-02-06 22:12:43.868  INFO 25232 --- [    Test worker] o.apache.catalina.core.StandardService   : Starting service [Tomcat]
2023-02-06 22:12:43.869  INFO 25232 --- [    Test worker] org.apache.catalina.core.StandardEngine  : Starting Servlet engine: [Apache Tomcat/9.0.65]
2023-02-06 22:12:44.312  INFO 25232 --- [    Test worker] o.a.c.c.C.[Tomcat].[localhost].[/]       : Initializing Spring embedded WebApplicationContext
2023-02-06 22:12:44.313  INFO 25232 --- [    Test worker] w.s.c.ServletWebServerApplicationContext : Root WebApplicationContext: initialization completed in 2394 ms
2023-02-06 22:12:47.198  INFO 25232 --- [    Test worker] o.s.b.w.embedded.tomcat.TomcatWebServer  : Tomcat started on port(s): 8080 (http) with context path ''
2023-02-06 22:12:47.221  INFO 25232 --- [    Test worker] c.r.b.CucumberSpringContextConfiguration : Started CucumberSpringContextConfiguration in 6.233 seconds (JVM running for 9.812)

Scenario: Send a valid Request to get hello      ?[90m# features/Hello.feature:3?[0m
2023-02-06 22:12:47.380  INFO 25232 --- [    Test worker] c.r.b.CucumberSpringContextConfiguration : -------------- Spring Context Initialized For Executing Cucumber Tests --------------
2023-02-06 22:12:49.608  INFO 25232 --- [nio-8080-exec-1] o.a.c.c.C.[Tomcat].[localhost].[/]       : Initializing Spring DispatcherServlet 'dispatcherServlet'
2023-02-06 22:12:49.608  INFO 25232 --- [nio-8080-exec-1] o.s.web.servlet.DispatcherServlet        : Initializing Servlet 'dispatcherServlet'
2023-02-06 22:12:49.610  INFO 25232 --- [nio-8080-exec-1] o.s.web.servlet.DispatcherServlet        : Completed initialization in 1 ms
  ?[32mGiven ?[0m?[32mI send a request to the URL to get hello?[0m ?[90m# com.roytuts.bdd.stepDefs.HelloStep.i_send_a_request_to_the_url_to_get_hello()?[0m
  ?[32mThen ?[0m?[32mthe response will return status ?[0m?[32m?[1m200?[0m       ?[90m# com.roytuts.bdd.stepDefs.HelloStep.the_response_will_return_status(java.lang.Integer)?[0m
]]></system-out>
  <system-err><![CDATA[]]></system-err>
</testsuite>
